Arguments: 
  C:\Program Files\nodejs\node.exe C:\Users\dushi\AppData\Roaming\npm\node_modules\yarn\bin\yarn.js install

PATH: 
  C:\Python39\Scripts\;C:\Python39\;C:\WINDOWS\system32;C:\WINDOWS;C:\WINDOWS\System32\Wbem;C:\WINDOWS\System32\WindowsPowerShell\v1.0\;C:\WINDOWS\System32\OpenSSH\;C:\Program Files\nodejs\;C:\ProgramData\chocolatey\bin;C:\xampp\php;C:\ProgramData\ComposerSetup\bin;C:\Program Files\Git\cmd;C:\Users\dushi\AppData\Local\Yarn\bin;C:\Users\dushi\AppData\Local\Microsoft\WindowsApps;C:\Users\dushi\AppData\Roaming\npm;C:\Users\dushi\AppData\Local\Programs\Microsoft VS Code\bin;C:\Users\dushi\AppData\Roaming\Composer\vendor\bin;C:\Users\dushi\AppData\Local\GitHubDesktop\bin;C:\Program Files\heroku\bin;C:\Users\dushi\AppData\Local\Yarn\bin;

Yarn version: 
  1.22.11

Node version: 
  14.17.2

Platform: 
  win32 x64

Trace: 
  Error: getaddrinfo ENOTFOUND registry.yarnpkg.com
      at GetAddrInfoReqWrap.onlookup [as oncomplete] (dns.js:69:26)

npm manifest: 
  {
    "main": "node_modules/expo/AppEntry.js",
    "scripts": {
      "start": "expo start",
      "android": "expo start --android",
      "ios": "expo start --ios",
      "web": "expo start --web",
      "eject": "expo eject"
    },
    "dependencies": {
      "expo": "~42.0.1",
      "expo-status-bar": "~1.0.4",
      "react": "16.13.1",
      "react-dom": "16.13.1",
      "react-native": "https://github.com/expo/react-native/archive/sdk-42.0.0.tar.gz",
      "react-native-web": "~0.13.12"
    },
    "devDependencies": {
      "@babel/core": "^7.9.0"
    },
    "private": true
  }

yarn manifest: 
  No manifest

Lockfile: 
  No lockfile
